\BOOKMARK [0][-]{chapter.1}{\376\377\000J\000a\000v\000a\000\040\000P\000r\000o\000g\000r\000a\000m\000m\000i\000n\000g\000\040\000\050\0000\0004\0000\0009\000\051\000\040\000F\000i\000n\000a\000l\000\040\000P\000r\000o\000j\000e\000c\000t\000\040\000R\000e\000p\000o\000r\000t}{}% 1
\BOOKMARK [0][-]{chapter.1}{\376\377\000D\000e\000p\000a\000r\000t\000m\000e\000n\000t\000\040\000o\000f\000\040\000C\000o\000m\000p\000u\000t\000e\000r\000\040\000S\000c\000i\000e\000n\000c\000e\000\040\000a\000n\000d\000\040\000E\000n\000g\000i\000n\000e\000e\000r\000i\000n\000g\000,\000\040\000K\000o\000n\000k\000u\000k\000\040\000U\000n\000i\000v\000e\000r\000s\000i\000t\000y\000\040\000Y\000u\000l\000w\000o\000n\000\040\000R\000h\000e\000e\000\040\000\050\0002\0000\0002\0002\0001\0001\0003\0004\0002\000\051}{}% 2
\BOOKMARK [1][-]{section.1.1}{\376\377\273\070\310\034\000\040\310\025\307\130\000\040\274\017\000\040\275\204\301\035}{chapter.1}% 3
\BOOKMARK [2][-]{subsection.1.1.1}{\376\377\273\070\310\034\000\040\310\025\307\130}{section.1.1}% 4
\BOOKMARK [1][-]{section.1.2}{\376\377\310\374\306\224\000\040\301\214\302\244\317\124\264\334\000\040\301\044\272\205}{chapter.1}% 5
\BOOKMARK [2][-]{subsection.1.2.1}{\376\377\000B\000i\000n\000g\000o\000G\000a\000m\000e\000.\000j\000a\000v\000a}{section.1.2}% 6
\BOOKMARK [2][-]{subsection.1.2.2}{\376\377\000G\000a\000m\000e\000.\000j\000a\000v\000a}{section.1.2}% 7
\BOOKMARK [2][-]{subsection.1.2.3}{\376\377\000U\000s\000e\000r\000.\000j\000a\000v\000a}{section.1.2}% 8
\BOOKMARK [2][-]{subsection.1.2.4}{\376\377\000W\000o\000r\000d\000.\000j\000a\000v\000a}{section.1.2}% 9
\BOOKMARK [2][-]{subsection.1.2.5}{\376\377\000S\000t\000a\000t\000i\000s\000t\000i\000c\000U\000t\000i\000l\000.\000j\000a\000v\000a}{section.1.2}% 10
\BOOKMARK [2][-]{subsection.1.2.6}{\376\377\000S\000t\000a\000r\000t\000F\000r\000a\000m\000e\000.\000j\000a\000v\000a}{section.1.2}% 11
\BOOKMARK [2][-]{subsection.1.2.7}{\376\377\000G\000a\000m\000e\000F\000r\000a\000m\000e\000.\000j\000a\000v\000a}{section.1.2}% 12
\BOOKMARK [2][-]{subsection.1.2.8}{\376\377\000S\000t\000a\000t\000i\000s\000t\000i\000c\000D\000i\000a\000l\000o\000g\000.\000j\000a\000v\000a}{section.1.2}% 13
\BOOKMARK [1][-]{section.1.3}{\376\377\302\344\325\211\000\040\254\260\254\374}{chapter.1}% 14
\BOOKMARK [2][-]{subsection.1.3.1}{\376\377\254\214\307\204\000\040\310\004\000\040\326\124\272\164}{section.1.3}% 15
\BOOKMARK [2][-]{subsection.1.3.2}{\376\377\254\214\307\204\000\040\311\021\000\040\326\124\272\164}{section.1.3}% 16
\BOOKMARK [1][-]{section.1.4}{\376\377\262\220\260\200\310\020\000\040\274\017\000\040\321\240\307\130\000\040\300\254\325\155}{chapter.1}% 17
\BOOKMARK [1][-]{section.1.5}{\376\377\256\060\320\300}{chapter.1}% 18
\BOOKMARK [2][-]{subsection.1.5.1}{\376\377\254\034\274\034\000\040\326\130\254\275}{section.1.5}% 19
\BOOKMARK [2][-]{subsection.1.5.2}{\376\377\314\070\254\340\000\040\300\254\325\155}{section.1.5}% 20
\BOOKMARK [2][-]{subsection.1.5.3}{\376\377\302\030\325\211\000\040\256\060\254\004}{section.1.5}% 21
